******* 04/23/2023 02: 39: 13 PM - INFO - ('id', 'user-name'),standard_user text entered
******* 04/23/2023 02: 39: 13 PM - INFO - element ('id', 'user-name') is visible
******* 04/23/2023 02: 39: 17 PM - INFO - ('id', 'password'), text entered
******* 04/23/2023 02: 39: 17 PM - INFO - element ('id', 'password') is visible
******* 04/23/2023 02: 39: 17 PM - INFO - ('id', 'login-button') element clicked
******* 04/23/2023 02: 39: 17 PM - INFO - element ('id', 'login-button') is clickable
******* 04/23/2023 02: 39: 17 PM - INFO - ('xpath', "//h3[@data-test='error']") text received
******* 04/23/2023 02: 39: 17 PM - INFO - element ('xpath', "//h3[@data-test='error']") is visible
******* 04/23/2023 02: 39: 26 PM - INFO - ('id', 'user-name'), text entered
******* 04/23/2023 02: 39: 26 PM - INFO - element ('id', 'user-name') is visible
******* 04/23/2023 02: 39: 27 PM - INFO - ('id', 'password'),secret_sauce text entered
******* 04/23/2023 02: 39: 27 PM - INFO - element ('id', 'password') is visible
******* 04/23/2023 02: 39: 27 PM - INFO - ('id', 'login-button') element clicked
******* 04/23/2023 02: 39: 27 PM - INFO - element ('id', 'login-button') is clickable
******* 04/23/2023 02: 39: 27 PM - INFO - ('xpath', "//h3[@data-test='error']") text received
******* 04/23/2023 02: 39: 27 PM - INFO - element ('xpath', "//h3[@data-test='error']") is visible
******* 04/23/2023 02: 39: 36 PM - INFO - ('id', 'user-name'),standard_user text entered
******* 04/23/2023 02: 39: 36 PM - INFO - element ('id', 'user-name') is visible
******* 04/23/2023 02: 39: 36 PM - INFO - ('id', 'password'),12345 text entered
******* 04/23/2023 02: 39: 36 PM - INFO - element ('id', 'password') is visible
******* 04/23/2023 02: 39: 36 PM - INFO - ('id', 'login-button') element clicked
******* 04/23/2023 02: 39: 36 PM - INFO - element ('id', 'login-button') is clickable
******* 04/23/2023 02: 39: 37 PM - INFO - ('xpath', "//h3[@data-test='error']") text received
******* 04/23/2023 02: 39: 37 PM - INFO - element ('xpath', "//h3[@data-test='error']") is visible
******* 04/23/2023 02: 39: 46 PM - INFO - ('id', 'user-name'),locked_out_user text entered
******* 04/23/2023 02: 39: 46 PM - INFO - element ('id', 'user-name') is visible
******* 04/23/2023 02: 39: 46 PM - INFO - ('id', 'password'),secret_sauce text entered
******* 04/23/2023 02: 39: 46 PM - INFO - element ('id', 'password') is visible
******* 04/23/2023 02: 39: 46 PM - INFO - ('id', 'login-button') element clicked
******* 04/23/2023 02: 39: 46 PM - INFO - element ('id', 'login-button') is clickable
******* 04/23/2023 02: 39: 46 PM - INFO - ('xpath', "//h3[@data-test='error']") text received
******* 04/23/2023 02: 39: 46 PM - INFO - element ('xpath', "//h3[@data-test='error']") is visible
